<?xml version="1.0" encoding="UTF-8"?>
<!-- Generated by org.testng.reporters.JUnitReportReporter -->
<testsuite hostname="Aashish-PC" name="TestPage.AddCustomerTest" tests="1" failures="0" timestamp="29 Sep 2019 09:16:19 GMT" time="0.710" errors="0">
  <testcase name="Addcustomer" time="0.710" classname="TestPage.AddCustomerTest"/>
</testsuite> <!-- TestPage.AddCustomerTest -->
